M AH CCCP M. M.B.KEA TEXHOOECK ACCEMEP K1.05 (30.10.90)  CTP:1
       : 15:57:06       : 11  1990

       PABE APAMETP: SOURCE,NOXREF,EXE

O.  APEC    KO     HOMEP      KOMAHA
                           1         START
CODE  00000  C9C08100      2         A4 <- X'8100'
CODE  00001  C9E08000      3         A6 <- X'8000'
CODE  00002  B8000043      4         CALL (X'0043')
CODE  00003  00000200      5         NOP
CODE  00004  FFFFFFFF      6         STOP
CODE  00005  C8A08401      7         R2 <- X'8401'
CODE  00006  00001A00      8         R3 <- R0
CODE  00007  00004200      9         R0 <- R1
CODE  00008  000004F1     10         R1 <- (-A6)
CODE  00009  00000250     11         A0 <- R2
CODE  0000A  00000484     12         R4 <- (A0)
CODE  0000B  07A71A00     13         R3 <- R3+R4
CODE  0000C  00000683     14         R3 -> (A0)
CODE  0000D  C8A08401     15         R2 <- X'8401'
CODE  0000E  00000731     16         R1 -> (A6+)
CODE  0000F  00000A00     17         R1 <- R0
CODE  00010  00008200     18         R0 <- R2
CODE  00011  00000240     19         A0 <- R0
CODE  00012  00000200     20         NOP
CODE  00013  00000480     21         R0 <- (A0)
CODE  00014  C8A08403     22         R2 <- X'8403'
CODE  00015  00000731     23         R1 -> (A6+)
CODE  00016  00000A00     24         R1 <- R0
CODE  00017  00008200     25         R0 <- R2
CODE  00018  00000240     26         A0 <- R0
CODE  00019  00000200     27         NOP
CODE  0001A  00000480     28         R0 <- (A0)
CODE  0001B  00001200     29         R2 <- R0
CODE  0001C  00005A00     30         R3 <- R1
CODE  0001D  000004F0     31         R0 <- (-A6)
CODE  0001E  000004F1     32         R1 <- (-A6)
CODE  0001F  0744C200     33         R3 ? R2
CODE  00020  C8A00000     34         R2 <- 0
CODE  00021  A9800000     35         CHECK N=0
CODE  00022  07E09200     36         R2 <- R2-1
CODE  00023  03149200     37         R2 <- R2!R2 SET_NZVC
CODE  00024  A8800000     38         CHECK Z=1
CODE  00025  B7800002     39         SKIP  *+2
CODE  00026  00000200     40         NOP
CODE  00027  C8A08401     41         R2 <- X'8401'
M AH CCCP M. M.B.KEA TEXHOOECK ACCEMEP K1.05 (30.10.90)  CTP:2
       : 15:57:06       : 11  1990
O.  APEC    KO     HOMEP      KOMAHA
CODE  00028  00000731     42         R1 -> (A6+)
CODE  00029  00000A00     43         R1 <- R0
CODE  0002A  00008200     44         R0 <- R2
CODE  0002B  00000240     45         A0 <- R0
CODE  0002C  00000200     46         NOP
CODE  0002D  00000480     47         R0 <- (A0)
CODE  0002E  C8A08402     48         R2 <- X'8402'
CODE  0002F  00000731     49         R1 -> (A6+)
CODE  00030  00000A00     50         R1 <- R0
CODE  00031  00008200     51         R0 <- R2
CODE  00032  00000240     52         A0 <- R0
CODE  00033  00000200     53         NOP
CODE  00034  00000480     54         R0 <- (A0)
CODE  00035  C8A00004     55         R2 <- X'0004'
CODE  00036  00001A00     56         R3 <- R0
CODE  00037  00004200     57         R0 <- R1
CODE  00038  000004F1     58         R1 <- (-A6)
CODE  00039  07A69200     59         R2 <- R3+R2
CODE  0003A  00001A00     60         R3 <- R0
CODE  0003B  00004200     61         R0 <- R1
CODE  0003C  000004F1     62         R1 <- (-A6)
CODE  0003D  00000250     63         A0 <- R2
CODE  0003E  00000200     64         NOP
CODE  0003F  00000683     65         R3 -> (A0)
CODE  00040  10000200     66         RET_SUBR
CODE  00041  00000200     67         NOP
CODE  00042  00000200     68         NOP
CODE  00043  C8A08400     69         R2 <- X'8400'
CODE  00044  00000731     70         R1 -> (A6+)
CODE  00045  00000A00     71         R1 <- R0
CODE  00046  00008200     72         R0 <- R2
CODE  00047  00000240     73         A0 <- R0
CODE  00048  00000200     74         NOP
CODE  00049  00000480     75         R0 <- (A0)
CODE  0004A  00001200     76         R2 <- R0
CODE  0004B  00004200     77         R0 <- R1
CODE  0004C  000004F1     78         R1 <- (-A6)
CODE  0004D  00000731     79         R1 -> (A6+)
CODE  0004E  00000730     80         R0 -> (A6+)
CODE  0004F  00008A00     81         R1 <- R2
CODE  00050  00008200     82         R0 <- R2
CODE  00051  C8A08401     83         R2 <- X'8401'
CODE  00052  00001A00     84         R3 <- R0
CODE  00053  00004200     85         R0 <- R1
CODE  00054  000004F1     86         R1 <- (-A6)
CODE  00055  00000250     87         A0 <- R2
CODE  00056  00000200     88         NOP
M AH CCCP M. M.B.KEA TEXHOOECK ACCEMEP K1.05 (30.10.90)  CTP:3
       : 15:57:06       : 11  1990
O.  APEC    KO     HOMEP      KOMAHA
CODE  00057  00000683     89         R3 -> (A0)
CODE  00058  C8A08402     90         R2 <- X'8402'
CODE  00059  00001A00     91         R3 <- R0
CODE  0005A  00004200     92         R0 <- R1
CODE  0005B  000004F1     93         R1 <- (-A6)
CODE  0005C  00000250     94         A0 <- R2
CODE  0005D  00000200     95         NOP
CODE  0005E  00000683     96         R3 -> (A0)
CODE  0005F  C8A0FFFF     97         R2 <- X'FFFF'
CODE  00060  00000731     98         R1 -> (A6+)
CODE  00061  00000A00     99         R1 <- R0
CODE  00062  00008200    100         R0 <- R2
CODE  00063  C8A08403    101         R2 <- X'8403'
CODE  00064  00001A00    102         R3 <- R0
CODE  00065  00004200    103         R0 <- R1
CODE  00066  000004F1    104         R1 <- (-A6)
CODE  00067  00000250    105         A0 <- R2
CODE  00068  00000200    106         NOP
CODE  00069  00000683    107         R3 -> (A0)
CODE  0006A  C8A08404    108         R2 <- X'8404'
CODE  0006B  00000731    109         R1 -> (A6+)
CODE  0006C  00000A00    110         R1 <- R0
CODE  0006D  00008200    111         R0 <- R2
CODE  0006E  C8A00008    112         R2 <- X'0008'
CODE  0006F  00001A00    113         R3 <- R0
CODE  00070  00004200    114         R0 <- R1
CODE  00071  000004F1    115         R1 <- (-A6)
CODE  00072  07A69200    116         R2 <- R3+R2
CODE  00073  00000731    117         R1 -> (A6+)
CODE  00074  00000A00    118         R1 <- R0
CODE  00075  00008200    119         R0 <- R2
CODE  00076  00000240    120         A0 <- R0
CODE  00077  00000200    121         NOP
CODE  00078  00000480    122         R0 <- (A0)
CODE  00079  B8000005    123         CALL (X'0005')
CODE  0007A  00000200    124         NOP
CODE  0007B  C8A00001    125         R2 <- X'0001'
CODE  0007C  00000731    126         R1 -> (A6+)
CODE  0007D  00000A00    127         R1 <- R0
CODE  0007E  00008200    128         R0 <- R2
CODE  0007F  C8A08055    129         R2 <- X'8055'
CODE  00080  00001A00    130         R3 <- R0
CODE  00081  00004200    131         R0 <- R1
CODE  00082  000004F1    132         R1 <- (-A6)
CODE  00083  00000250    133         A0 <- R2
CODE  00084  00000200    134         NOP
CODE  00085  00000683    135         R3 -> (A0)
M AH CCCP M. M.B.KEA TEXHOOECK ACCEMEP K1.05 (30.10.90)  CTP:4
       : 15:57:06       : 11  1990
O.  APEC    KO     HOMEP      KOMAHA
CODE  00086  C8A08055    136         R2 <- X'8055'
CODE  00087  00000731    137         R1 -> (A6+)
CODE  00088  00000A00    138         R1 <- R0
CODE  00089  00008200    139         R0 <- R2
CODE  0008A  00000240    140         A0 <- R0
CODE  0008B  00000200    141         NOP
CODE  0008C  00000480    142         R0 <- (A0)
CODE  0008D  C8A003E8    143         R2 <- X'03E8'
CODE  0008E  00001A00    144         R3 <- R0
CODE  0008F  00004200    145         R0 <- R1
CODE  00090  000004F1    146         R1 <- (-A6)
CODE  00091  0744C200    147         R3 ? R2
CODE  00092  C8A00000    148         R2 <- 0
CODE  00093  AA000000    149         CHECK N=1
CODE  00094  07E09200    150         R2 <- R2-1
CODE  00095  00000731    151         R1 -> (A6+)
CODE  00096  00000A00    152         R1 <- R0
CODE  00097  00008200    153         R0 <- R2
CODE  00098  03000200    154         R0 <- R0 SET_NZVC
CODE  00099  AA000000    155         CHECK N=1
CODE  0009A  07200200    156         R0 <- -R0
CODE  0009B  00001200    157         R2 <- R0
CODE  0009C  00004200    158         R0 <- R1
CODE  0009D  000004F1    159         R1 <- (-A6)
CODE  0009E  03149200    160         R2 <- R2!R2 SET_NZVC
CODE  0009F  A8800000    161         CHECK Z=1
CODE  000A0  B7800013    162         SKIP  *+19
CODE  000A1  00000200    163         NOP
CODE  000A2  C8A08055    164         R2 <- X'8055'
CODE  000A3  00000731    165         R1 -> (A6+)
CODE  000A4  00000A00    166         R1 <- R0
CODE  000A5  00008200    167         R0 <- R2
CODE  000A6  C8A00001    168         R2 <- X'0001'
CODE  000A7  00001A00    169         R3 <- R0
CODE  000A8  00004200    170         R0 <- R1
CODE  000A9  000004F1    171         R1 <- (-A6)
CODE  000AA  0000FA00    172         R7 <- R3
CODE  000AB  00009A00    173         R3 <- R2
CODE  000AC  0001D200    174         R2 <- R7
CODE  000AD  00000250    175         A0 <- R2
CODE  000AE  00000484    176         R4 <- (A0)
CODE  000AF  07A71A00    177         R3 <- R3+R4
CODE  000B0  00000683    178         R3 -> (A0)
CODE  000B1  B780FFD5    179         SKIP  *-43
CODE  000B2  00000200    180         NOP
CODE  000B3  10000200    181         RET_SUBR
CODE  000B4  00000200    182         NOP
M AH CCCP M. M.B.KEA TEXHOOECK ACCEMEP K1.05 (30.10.90)  CTP:5
       : 15:57:06       : 11  1990
O.  APEC    KO     HOMEP      KOMAHA
CODE  000B5  00000200    183         NOP
                         184         DATA
DATA  08400  00008050    185         DC X'00008050'
DATA  08401  00008050    186         DC X'00008050'
DATA  08402  00008050    187         DC X'00008050'
DATA  08403  00000000    188         DC X'00000000'
DATA  08404  0000C4A1    189         DC X'0000C4A1'
DATA  08405  00000000    190         DC X'00000000'
                         191         END

M POPAMM=          KO-BO ACE=191       KO-BO OOK=0
O"EM AMT KOMAH(AT)=728        O"EM AMT (AT)=0
O"EM AMT (AT)=24         O"EM AMT  (AT)=0

 ,    = 100.35 .
